\BOOKMARK [1][-]{section*.2}{\376\377\000L\000i\000s\000t\000\040\000o\000f\000\040\000F\000i\000g\000u\000r\000e\000s}{}% 1
\BOOKMARK [1][-]{section*.4}{\376\377\000L\000i\000s\000t\000\040\000o\000f\000\040\000T\000a\000b\000l\000e\000s}{}% 2
\BOOKMARK [1][-]{section.1}{\376\377\000I\000n\000t\000r\000o\000d\000u\000c\000c\000i\000\363}{}% 3
\BOOKMARK [2][-]{subsection.1.1}{\376\377\000T\000r\000a\000n\000s\000f\000o\000n\000s\000\040\000d\000e\000l\000\040\000p\000r\000o\000j\000e\000c\000t}{section.1}% 4
\BOOKMARK [2][-]{subsection.1.2}{\376\377\000O\000b\000j\000e\000c\000t\000i\000u\000s}{section.1}% 5
\BOOKMARK [2][-]{subsection.1.3}{\376\377\000R\000e\000q\000u\000e\000r\000i\000m\000e\000n\000t\000s\000\040\000i\000\040\000e\000s\000p\000e\000c\000i\000f\000i\000c\000a\000c\000i\000o\000n\000s}{section.1}% 6
\BOOKMARK [2][-]{subsection.1.4}{\376\377\000P\000l\000a\000\040\000d\000e\000\040\000f\000e\000i\000n\000a}{section.1}% 7
\BOOKMARK [3][-]{subsubsection.1.4.1}{\376\377\000E\000s\000t\000r\000u\000c\000t\000u\000r\000a\000\040\000d\000e\000\040\000l\000a\000\040\000f\000e\000i\000n\000a}{subsection.1.4}% 8
\BOOKMARK [3][-]{subsubsection.1.4.2}{\376\377\000P\000a\000q\000u\000e\000t\000s\000\040\000d\000e\000\040\000f\000e\000i\000n\000a\000,\000\040\000t\000a\000s\000q\000u\000e\000s\000\040\000i\000\040\000f\000i\000t\000e\000s}{subsection.1.4}% 9
\BOOKMARK [2][-]{subsection.1.5}{\376\377\000D\000i\000a\000g\000r\000a\000m\000a\000\040\000t\000e\000m\000p\000o\000r\000a\000l\000\040\000\050\000D\000i\000a\000g\000r\000a\000m\000a\000\040\000d\000e\000\040\000G\000a\000n\000t\000t\000\051}{section.1}% 10
\BOOKMARK [1][-]{section.2}{\376\377\000L\000i\000v\000e\000-\000s\000t\000r\000e\000a\000m\000i\000n\000g\000\040\000s\000t\000a\000t\000e\000\040\000o\000f\000\040\000a\000r\000t\000\040}{}% 11
\BOOKMARK [2][-]{subsection.2.1}{\376\377\000T\000e\000c\000h\000n\000o\000l\000o\000g\000i\000e\000s\000\040\000u\000s\000e\000d\000\040\000a\000t\000\040\000t\000h\000e\000\040\000m\000o\000m\000e\000n\000t}{section.2}% 12
\BOOKMARK [2][-]{subsection.2.2}{\376\377\000T\000h\000e\000\040\000n\000e\000w\000\040\000s\000t\000a\000n\000d\000a\000r\000d\000:\000\040\000Q\000U\000I\000C}{section.2}% 13
\BOOKMARK [2][-]{subsection.2.3}{\376\377\000B\000e\000n\000e\000f\000i\000t\000s\000\040\000o\000f\000\040\000u\000s\000i\000n\000g\000\040\000T\000C\000P\000\040\000f\000o\000r\000\040\000l\000i\000v\000e\000-\000s\000t\000r\000e\000a\000m\000i\000n\000g}{section.2}% 14
\BOOKMARK [2][-]{subsection.2.4}{\376\377\000U\000D\000P}{section.2}% 15
\BOOKMARK [2][-]{subsection.2.5}{\376\377\000T\000o\000p\000i\000c}{section.2}% 16
\BOOKMARK [2][-]{subsection.2.6}{\376\377\000T\000o\000p\000i\000c}{section.2}% 17
\BOOKMARK [1][-]{section.3}{\376\377\000S\000e\000c\000t\000i\000o\000n\000\040\0003}{}% 18
\BOOKMARK [2][-]{subsection.3.1}{\376\377\000S\000u\000b\000s\000e\000c\000t\000i\000o\000n}{section.3}% 19
\BOOKMARK [1][-]{section.4}{\376\377\000S\000e\000c\000t\000i\000o\000n\000\040\0004}{}% 20
\BOOKMARK [2][-]{subsection.4.1}{\376\377\000S\000u\000b\000s\000e\000c\000t\000i\000o\000n\000\040\0004\000.\0001}{section.4}% 21
\BOOKMARK [2][-]{subsection.4.2}{\376\377\000S\000u\000b\000s\000e\000c\000t\000i\000o\000n\000\040\0004\000.\0002}{section.4}% 22
\BOOKMARK [1][-]{section.5}{\376\377\000S\000e\000c\000t\000i\000o\000n\000\040\0005}{}% 23
\BOOKMARK [2][-]{subsection.5.1}{\376\377\000O\000v\000e\000r\000v\000i\000e\000w}{section.5}% 24
\BOOKMARK [1][-]{section.6}{\376\377\000E\000x\000p\000e\000r\000i\000m\000e\000n\000t\000s\000\040\000a\000n\000d\000\040\000r\000e\000s\000u\000l\000t\000s}{}% 25
\BOOKMARK [1][-]{section.7}{\376\377\000B\000u\000d\000g\000e\000t}{}% 26
\BOOKMARK [1][-]{section.8}{\376\377\000E\000n\000v\000i\000r\000o\000n\000m\000e\000n\000t\000\040\000I\000m\000p\000a\000c\000t\000\040\000\050\000O\000p\000t\000i\000o\000n\000a\000l\000\051}{}% 27
\BOOKMARK [1][-]{section.9}{\376\377\000C\000o\000n\000c\000l\000u\000s\000i\000o\000n\000s}{}% 28
\BOOKMARK [1][-]{section.10}{\376\377\000F\000u\000t\000u\000r\000e\000\040\000W\000o\000r\000k}{}% 29
\BOOKMARK [1][-]{section*.22}{\376\377\000R\000e\000f\000e\000r\000e\000n\000c\000e\000s}{}% 30
\BOOKMARK [1][-]{section*.23}{\376\377\000A\000p\000p\000e\000n\000d\000i\000c\000e\000s}{}% 31
